<?xml version="1.0" encoding="UTF-8"?>
<!-- Generated by org.testng.reporters.JUnitReportReporter -->
<testsuite hostname="DESKTOP-8P6A1RO" name="Projects.seleniumTest.TestRegistration" tests="2" failures="0" timestamp="13 Apr 2021 15:08:38 GMT" time="24.262" errors="0">
  <testcase name="userDetails" time="9.824" classname="Projects.seleniumTest.TestRegistration"/>
  <testcase name="userDetails" time="14.438" classname="Projects.seleniumTest.TestRegistration"/>
</testsuite> <!-- Projects.seleniumTest.TestRegistration -->
